<?xml version="1.0" encoding="UTF-8"?>
<!-- Generated by org.testng.reporters.JUnitReportReporter -->
<testsuite skipped="0" hostname="MacBook-Air.local" name="hardTests.HardTestClass" tests="2" failures="0" timestamp="19 янв 2023 13:19:35 GMT" time="0.025" errors="0">
  <testcase name="testDivideByZeroCase" time="0.025" classname="hardTests.HardTestClass"/>
  <testcase name="testSumOfMultipleParams" time="0.000" classname="hardTests.HardTestClass"/>
</testsuite> <!-- hardTests.HardTestClass -->
