<?xml version="1.0" encoding="UTF-8"?>
<!-- Generated by org.testng.reporters.JUnitReportReporter -->
<testsuite skipped="0" hostname="MacBook-Air.local" name="mediumTests.MediumTestClass" tests="3" failures="0" timestamp="19 янв 2023 13:19:35 GMT" time="0.003" errors="0">
  <testcase name="testAverageValue" time="0.001" classname="mediumTests.MediumTestClass"/>
  <testcase name="testBiggestValue" time="0.001" classname="mediumTests.MediumTestClass"/>
  <testcase name="testEvenOrOdd" time="0.001" classname="mediumTests.MediumTestClass"/>
</testsuite> <!-- mediumTests.MediumTestClass -->
